2019-01-19 14:55:03,162 INFO org.apache.hadoop.hdfs.server.namenode.NameNode: STARTUP_MSG: 
/************************************************************
STARTUP_MSG: Starting NameNode
STARTUP_MSG:   user = hadoop
STARTUP_MSG:   host = ip-172-31-21-252.ec2.internal/172.31.21.252
STARTUP_MSG:   args = []
STARTUP_MSG:   version = 2.8.5
STARTUP_MSG:   classpath = /home/hadoop/hadoop-2.8.5/etc/hadoop:/home/hadoop/hadoop-2.8.5/share/hadoop/common/lib/protobuf-java-2.5.0.jar:/home/hadoop/hadoop-2.8.5/share/hadoop/common/lib/jsp-api-2.1.jar:/home/hadoop/hadoop-2.8.5/share/hadoop/common/lib/curator-client-2.7.1.jar:/home/hadoop/hadoop-2.8.5/share/hadoop/common/lib/jackson-core-asl-1.9.13.jar:/home/hadoop/hadoop-2.8.5/share/hadoop/common/lib/commons-configuration-1.6.jar:/home/hadoop/hadoop-2.8.5/share/hadoop/common/lib/guava-11.0.2.jar:/home/hadoop/hadoop-2.8.5/share/hadoop/common/lib/jackson-jaxrs-1.9.13.jar:/home/hadoop/hadoop-2.8.5/share/hadoop/common/lib/java-xmlbuilder-0.4.jar:/home/hadoop/hadoop-2.8.5/share/hadoop/common/lib/httpclient-4.5.2.jar:/home/hadoop/hadoop-2.8.5/share/hadoop/common/lib/curator-recipes-2.7.1.jar:/home/hadoop/hadoop-2.8.5/share/hadoop/common/lib/activation-1.1.jar:/home/hadoop/hadoop-2.8.5/share/hadoop/common/lib/jersey-server-1.9.jar:/home/hadoop/hadoop-2.8.5/share/hadoop/common/lib/jetty-6.1.26.jar:/home/hadoop/hadoop-2.8.5/share/hadoop/common/lib/apacheds-i18n-2.0.0-M15.jar:/home/hadoop/hadoop-2.8.5/share/hadoop/common/lib/httpcore-4.4.4.jar:/home/hadoop/hadoop-2.8.5/share/hadoop/common/lib/jetty-sslengine-6.1.26.jar:/home/hadoop/hadoop-2.8.5/share/hadoop/common/lib/commons-cli-1.2.jar:/home/hadoop/hadoop-2.8.5/share/hadoop/common/lib/zookeeper-3.4.6.jar:/home/hadoop/hadoop-2.8.5/share/hadoop/common/lib/xz-1.0.jar:/home/hadoop/hadoop-2.8.5/share/hadoop/common/lib/json-smart-1.3.1.jar:/home/hadoop/hadoop-2.8.5/share/hadoop/common/lib/jackson-mapper-asl-1.9.13.jar:/home/hadoop/hadoop-2.8.5/share/hadoop/common/lib/commons-math3-3.1.1.jar:/home/hadoop/hadoop-2.8.5/share/hadoop/common/lib/jackson-xc-1.9.13.jar:/home/hadoop/hadoop-2.8.5/share/hadoop/common/lib/commons-logging-1.1.3.jar:/home/hadoop/hadoop-2.8.5/share/hadoop/common/lib/commons-beanutils-core-1.8.0.jar:/home/hadoop/hadoop-2.8.5/share/hadoop/common/lib/jaxb-api-2.2.2.jar:/home/hadoop/hadoop-2.8.5/share/hadoop/common/lib/jaxb-impl-2.2.3-1.jar:/home/hadoop/hadoop-2.8.5/share/hadoop/common/lib/apacheds-kerberos-codec-2.0.0-M15.jar:/home/hadoop/hadoop-2.8.5/share/hadoop/common/lib/slf4j-api-1.7.10.jar:/home/hadoop/hadoop-2.8.5/share/hadoop/common/lib/api-util-1.0.0-M20.jar:/home/hadoop/hadoop-2.8.5/share/hadoop/common/lib/commons-beanutils-1.7.0.jar:/home/hadoop/hadoop-2.8.5/share/hadoop/common/lib/paranamer-2.3.jar:/home/hadoop/hadoop-2.8.5/share/hadoop/common/lib/snappy-java-1.0.4.1.jar:/home/hadoop/hadoop-2.8.5/share/hadoop/common/lib/commons-collections-3.2.2.jar:/home/hadoop/hadoop-2.8.5/share/hadoop/common/lib/jetty-util-6.1.26.jar:/home/hadoop/hadoop-2.8.5/share/hadoop/common/lib/hadoop-annotations-2.8.5.jar:/home/hadoop/hadoop-2.8.5/share/hadoop/common/lib/jsr305-3.0.0.jar:/home/hadoop/hadoop-2.8.5/share/hadoop/common/lib/nimbus-jose-jwt-4.41.1.jar:/home/hadoop/hadoop-2.8.5/share/hadoop/common/lib/api-asn1-api-1.0.0-M20.jar:/home/hadoop/hadoop-2.8.5/share/hadoop/common/lib/jcip-annotations-1.0-1.jar:/home/hadoop/hadoop-2.8.5/share/hadoop/common/lib/xmlenc-0.52.jar:/home/hadoop/hadoop-2.8.5/share/hadoop/common/lib/jersey-json-1.9.jar:/home/hadoop/hadoop-2.8.5/share/hadoop/common/lib/commons-compress-1.4.1.jar:/home/hadoop/hadoop-2.8.5/share/hadoop/common/lib/log4j-1.2.17.jar:/home/hadoop/hadoop-2.8.5/share/hadoop/common/lib/jsch-0.1.54.jar:/home/hadoop/hadoop-2.8.5/share/hadoop/common/lib/slf4j-log4j12-1.7.10.jar:/home/hadoop/hadoop-2.8.5/share/hadoop/common/lib/netty-3.6.2.Final.jar:/home/hadoop/hadoop-2.8.5/share/hadoop/common/lib/asm-3.2.jar:/home/hadoop/hadoop-2.8.5/share/hadoop/common/lib/jersey-core-1.9.jar:/home/hadoop/hadoop-2.8.5/share/hadoop/common/lib/gson-2.2.4.jar:/home/hadoop/hadoop-2.8.5/share/hadoop/common/lib/hamcrest-core-1.3.jar:/home/hadoop/hadoop-2.8.5/share/hadoop/common/lib/commons-codec-1.4.jar:/home/hadoop/hadoop-2.8.5/share/hadoop/common/lib/mockito-all-1.8.5.jar:/home/hadoop/hadoop-2.8.5/share/hadoop/common/lib/jets3t-0.9.0.jar:/home/hadoop/hadoop-2.8.5/share/hadoop/common/lib/hadoop-auth-2.8.5.jar:/home/hadoop/hadoop-2.8.5/share/hadoop/common/lib/servlet-api-2.5.jar:/home/hadoop/hadoop-2.8.5/share/hadoop/common/lib/junit-4.11.jar:/home/hadoop/hadoop-2.8.5/share/hadoop/common/lib/commons-digester-1.8.jar:/home/hadoop/hadoop-2.8.5/share/hadoop/common/lib/stax-api-1.0-2.jar:/home/hadoop/hadoop-2.8.5/share/hadoop/common/lib/commons-lang-2.6.jar:/home/hadoop/hadoop-2.8.5/share/hadoop/common/lib/avro-1.7.4.jar:/home/hadoop/hadoop-2.8.5/share/hadoop/common/lib/curator-framework-2.7.1.jar:/home/hadoop/hadoop-2.8.5/share/hadoop/common/lib/htrace-core4-4.0.1-incubating.jar:/home/hadoop/hadoop-2.8.5/share/hadoop/common/lib/commons-net-3.1.jar:/home/hadoop/hadoop-2.8.5/share/hadoop/common/lib/jettison-1.1.jar:/home/hadoop/hadoop-2.8.5/share/hadoop/common/lib/commons-io-2.4.jar:/home/hadoop/hadoop-2.8.5/share/hadoop/common/hadoop-common-2.8.5-tests.jar:/home/hadoop/hadoop-2.8.5/share/hadoop/common/hadoop-nfs-2.8.5.jar:/home/hadoop/hadoop-2.8.5/share/hadoop/common/hadoop-common-2.8.5.jar:/home/hadoop/hadoop-2.8.5/share/hadoop/hdfs:/home/hadoop/hadoop-2.8.5/share/hadoop/hdfs/lib/protobuf-java-2.5.0.jar:/home/hadoop/hadoop-2.8.5/share/hadoop/hdfs/lib/xercesImpl-2.9.1.jar:/home/hadoop/hadoop-2.8.5/share/hadoop/hdfs/lib/jackson-core-asl-1.9.13.jar:/home/hadoop/hadoop-2.8.5/share/hadoop/hdfs/lib/guava-11.0.2.jar:/home/hadoop/hadoop-2.8.5/share/hadoop/hdfs/lib/jersey-server-1.9.jar:/home/hadoop/hadoop-2.8.5/share/hadoop/hdfs/lib/okhttp-2.4.0.jar:/home/hadoop/hadoop-2.8.5/share/hadoop/hdfs/lib/hadoop-hdfs-client-2.8.5.jar:/home/hadoop/hadoop-2.8.5/share/hadoop/hdfs/lib/jetty-6.1.26.jar:/home/hadoop/hadoop-2.8.5/share/hadoop/hdfs/lib/netty-all-4.0.23.Final.jar:/home/hadoop/hadoop-2.8.5/share/hadoop/hdfs/lib/commons-cli-1.2.jar:/home/hadoop/hadoop-2.8.5/share/hadoop/hdfs/lib/jackson-mapper-asl-1.9.13.jar:/home/hadoop/hadoop-2.8.5/share/hadoop/hdfs/lib/commons-logging-1.1.3.jar:/home/hadoop/hadoop-2.8.5/share/hadoop/hdfs/lib/okio-1.4.0.jar:/home/hadoop/hadoop-2.8.5/share/hadoop/hdfs/lib/jetty-util-6.1.26.jar:/home/hadoop/hadoop-2.8.5/share/hadoop/hdfs/lib/jsr305-3.0.0.jar:/home/hadoop/hadoop-2.8.5/share/hadoop/hdfs/lib/xmlenc-0.52.jar:/home/hadoop/hadoop-2.8.5/share/hadoop/hdfs/lib/log4j-1.2.17.jar:/home/hadoop/hadoop-2.8.5/share/hadoop/hdfs/lib/xml-apis-1.3.04.jar:/home/hadoop/hadoop-2.8.5/share/hadoop/hdfs/lib/netty-3.6.2.Final.jar:/home/hadoop/hadoop-2.8.5/share/hadoop/hdfs/lib/asm-3.2.jar:/home/hadoop/hadoop-2.8.5/share/hadoop/hdfs/lib/jersey-core-1.9.jar:/home/hadoop/hadoop-2.8.5/share/hadoop/hdfs/lib/commons-codec-1.4.jar:/home/hadoop/hadoop-2.8.5/share/hadoop/hdfs/lib/leveldbjni-all-1.8.jar:/home/hadoop/hadoop-2.8.5/share/hadoop/hdfs/lib/commons-daemon-1.0.13.jar:/home/hadoop/hadoop-2.8.5/share/hadoop/hdfs/lib/servlet-api-2.5.jar:/home/hadoop/hadoop-2.8.5/share/hadoop/hdfs/lib/commons-lang-2.6.jar:/home/hadoop/hadoop-2.8.5/share/hadoop/hdfs/lib/htrace-core4-4.0.1-incubating.jar:/home/hadoop/hadoop-2.8.5/share/hadoop/hdfs/lib/commons-io-2.4.jar:/home/hadoop/hadoop-2.8.5/share/hadoop/hdfs/hadoop-hdfs-client-2.8.5.jar:/home/hadoop/hadoop-2.8.5/share/hadoop/hdfs/hadoop-hdfs-native-client-2.8.5.jar:/home/hadoop/hadoop-2.8.5/share/hadoop/hdfs/hadoop-hdfs-client-2.8.5-tests.jar:/home/hadoop/hadoop-2.8.5/share/hadoop/hdfs/hadoop-hdfs-2.8.5.jar:/home/hadoop/hadoop-2.8.5/share/hadoop/hdfs/hadoop-hdfs-2.8.5-tests.jar:/home/hadoop/hadoop-2.8.5/share/hadoop/hdfs/hadoop-hdfs-native-client-2.8.5-tests.jar:/home/hadoop/hadoop-2.8.5/share/hadoop/hdfs/hadoop-hdfs-nfs-2.8.5.jar:/home/hadoop/hadoop-2.8.5/share/hadoop/yarn/lib/protobuf-java-2.5.0.jar:/home/hadoop/hadoop-2.8.5/share/hadoop/yarn/lib/guice-3.0.jar:/home/hadoop/hadoop-2.8.5/share/hadoop/yarn/lib/curator-client-2.7.1.jar:/home/hadoop/hadoop-2.8.5/share/hadoop/yarn/lib/jackson-core-asl-1.9.13.jar:/home/hadoop/hadoop-2.8.5/share/hadoop/yarn/lib/guava-11.0.2.jar:/home/hadoop/hadoop-2.8.5/share/hadoop/yarn/lib/jackson-jaxrs-1.9.13.jar:/home/hadoop/hadoop-2.8.5/share/hadoop/yarn/lib/guice-servlet-3.0.jar:/home/hadoop/hadoop-2.8.5/share/hadoop/yarn/lib/json-io-2.5.1.jar:/home/hadoop/hadoop-2.8.5/share/hadoop/yarn/lib/activation-1.1.jar:/home/hadoop/hadoop-2.8.5/share/hadoop/yarn/lib/jersey-server-1.9.jar:/home/hadoop/hadoop-2.8.5/share/hadoop/yarn/lib/java-util-1.9.0.jar:/home/hadoop/hadoop-2.8.5/share/hadoop/yarn/lib/jetty-6.1.26.jar:/home/hadoop/hadoop-2.8.5/share/hadoop/yarn/lib/javassist-3.18.1-GA.jar:/home/hadoop/hadoop-2.8.5/share/hadoop/yarn/lib/commons-cli-1.2.jar:/home/hadoop/hadoop-2.8.5/share/hadoop/yarn/lib/zookeeper-3.4.6.jar:/home/hadoop/hadoop-2.8.5/share/hadoop/yarn/lib/xz-1.0.jar:/home/hadoop/hadoop-2.8.5/share/hadoop/yarn/lib/jackson-mapper-asl-1.9.13.jar:/home/hadoop/hadoop-2.8.5/share/hadoop/yarn/lib/jackson-xc-1.9.13.jar:/home/hadoop/hadoop-2.8.5/share/hadoop/yarn/lib/commons-logging-1.1.3.jar:/home/hadoop/hadoop-2.8.5/share/hadoop/yarn/lib/jaxb-api-2.2.2.jar:/home/hadoop/hadoop-2.8.5/share/hadoop/yarn/lib/jaxb-impl-2.2.3-1.jar:/home/hadoop/hadoop-2.8.5/share/hadoop/yarn/lib/javax.inject-1.jar:/home/hadoop/hadoop-2.8.5/share/hadoop/yarn/lib/curator-test-2.7.1.jar:/home/hadoop/hadoop-2.8.5/share/hadoop/yarn/lib/commons-collections-3.2.2.jar:/home/hadoop/hadoop-2.8.5/share/hadoop/yarn/lib/jetty-util-6.1.26.jar:/home/hadoop/hadoop-2.8.5/share/hadoop/yarn/lib/jsr305-3.0.0.jar:/home/hadoop/hadoop-2.8.5/share/hadoop/yarn/lib/zookeeper-3.4.6-tests.jar:/home/hadoop/hadoop-2.8.5/share/hadoop/yarn/lib/jersey-json-1.9.jar:/home/hadoop/hadoop-2.8.5/share/hadoop/yarn/lib/commons-compress-1.4.1.jar:/home/hadoop/hadoop-2.8.5/share/hadoop/yarn/lib/log4j-1.2.17.jar:/home/hadoop/hadoop-2.8.5/share/hadoop/yarn/lib/jersey-guice-1.9.jar:/home/hadoop/hadoop-2.8.5/share/hadoop/yarn/lib/netty-3.6.2.Final.jar:/home/hadoop/hadoop-2.8.5/share/hadoop/yarn/lib/asm-3.2.jar:/home/hadoop/hadoop-2.8.5/share/hadoop/yarn/lib/jersey-core-1.9.jar:/home/hadoop/hadoop-2.8.5/share/hadoop/yarn/lib/commons-codec-1.4.jar:/home/hadoop/hadoop-2.8.5/share/hadoop/yarn/lib/leveldbjni-all-1.8.jar:/home/hadoop/hadoop-2.8.5/share/hadoop/yarn/lib/servlet-api-2.5.jar:/home/hadoop/hadoop-2.8.5/share/hadoop/yarn/lib/stax-api-1.0-2.jar:/home/hadoop/hadoop-2.8.5/share/hadoop/yarn/lib/aopalliance-1.0.jar:/home/hadoop/hadoop-2.8.5/share/hadoop/yarn/lib/fst-2.50.jar:/home/hadoop/hadoop-2.8.5/share/hadoop/yarn/lib/commons-math-2.2.jar:/home/hadoop/hadoop-2.8.5/share/hadoop/yarn/lib/commons-lang-2.6.jar:/home/hadoop/hadoop-2.8.5/share/hadoop/yarn/lib/jersey-client-1.9.jar:/home/hadoop/hadoop-2.8.5/share/hadoop/yarn/lib/jettison-1.1.jar:/home/hadoop/hadoop-2.8.5/share/hadoop/yarn/lib/commons-io-2.4.jar:/home/hadoop/hadoop-2.8.5/share/hadoop/yarn/hadoop-yarn-server-web-proxy-2.8.5.jar:/home/hadoop/hadoop-2.8.5/share/hadoop/yarn/hadoop-yarn-server-tests-2.8.5.jar:/home/hadoop/hadoop-2.8.5/share/hadoop/yarn/hadoop-yarn-applications-unmanaged-am-launcher-2.8.5.jar:/home/hadoop/hadoop-2.8.5/share/hadoop/yarn/hadoop-yarn-api-2.8.5.jar:/home/hadoop/hadoop-2.8.5/share/hadoop/yarn/hadoop-yarn-server-resourcemanager-2.8.5.jar:/home/hadoop/hadoop-2.8.5/share/hadoop/yarn/hadoop-yarn-server-timeline-pluginstorage-2.8.5.jar:/home/hadoop/hadoop-2.8.5/share/hadoop/yarn/hadoop-yarn-common-2.8.5.jar:/home/hadoop/hadoop-2.8.5/share/hadoop/yarn/hadoop-yarn-registry-2.8.5.jar:/home/hadoop/hadoop-2.8.5/share/hadoop/yarn/hadoop-yarn-server-nodemanager-2.8.5.jar:/home/hadoop/hadoop-2.8.5/share/hadoop/yarn/hadoop-yarn-client-2.8.5.jar:/home/hadoop/hadoop-2.8.5/share/hadoop/yarn/hadoop-yarn-server-applicationhistoryservice-2.8.5.jar:/home/hadoop/hadoop-2.8.5/share/hadoop/yarn/hadoop-yarn-server-common-2.8.5.jar:/home/hadoop/hadoop-2.8.5/share/hadoop/yarn/hadoop-yarn-server-sharedcachemanager-2.8.5.jar:/home/hadoop/hadoop-2.8.5/share/hadoop/yarn/hadoop-yarn-applications-distributedshell-2.8.5.jar:/home/hadoop/hadoop-2.8.5/share/hadoop/mapreduce/lib/protobuf-java-2.5.0.jar:/home/hadoop/hadoop-2.8.5/share/hadoop/mapreduce/lib/guice-3.0.jar:/home/hadoop/hadoop-2.8.5/share/hadoop/mapreduce/lib/jackson-core-asl-1.9.13.jar:/home/hadoop/hadoop-2.8.5/share/hadoop/mapreduce/lib/guice-servlet-3.0.jar:/home/hadoop/hadoop-2.8.5/share/hadoop/mapreduce/lib/jersey-server-1.9.jar:/home/hadoop/hadoop-2.8.5/share/hadoop/mapreduce/lib/xz-1.0.jar:/home/hadoop/hadoop-2.8.5/share/hadoop/mapreduce/lib/jackson-mapper-asl-1.9.13.jar:/home/hadoop/hadoop-2.8.5/share/hadoop/mapreduce/lib/javax.inject-1.jar:/home/hadoop/hadoop-2.8.5/share/hadoop/mapreduce/lib/paranamer-2.3.jar:/home/hadoop/hadoop-2.8.5/share/hadoop/mapreduce/lib/snappy-java-1.0.4.1.jar:/home/hadoop/hadoop-2.8.5/share/hadoop/mapreduce/lib/hadoop-annotations-2.8.5.jar:/home/hadoop/hadoop-2.8.5/share/hadoop/mapreduce/lib/commons-compress-1.4.1.jar:/home/hadoop/hadoop-2.8.5/share/hadoop/mapreduce/lib/log4j-1.2.17.jar:/home/hadoop/hadoop-2.8.5/share/hadoop/mapreduce/lib/jersey-guice-1.9.jar:/home/hadoop/hadoop-2.8.5/share/hadoop/mapreduce/lib/netty-3.6.2.Final.jar:/home/hadoop/hadoop-2.8.5/share/hadoop/mapreduce/lib/asm-3.2.jar:/home/hadoop/hadoop-2.8.5/share/hadoop/mapreduce/lib/jersey-core-1.9.jar:/home/hadoop/hadoop-2.8.5/share/hadoop/mapreduce/lib/hamcrest-core-1.3.jar:/home/hadoop/hadoop-2.8.5/share/hadoop/mapreduce/lib/leveldbjni-all-1.8.jar:/home/hadoop/hadoop-2.8.5/share/hadoop/mapreduce/lib/junit-4.11.jar:/home/hadoop/hadoop-2.8.5/share/hadoop/mapreduce/lib/aopalliance-1.0.jar:/home/hadoop/hadoop-2.8.5/share/hadoop/mapreduce/lib/avro-1.7.4.jar:/home/hadoop/hadoop-2.8.5/share/hadoop/mapreduce/lib/commons-io-2.4.jar:/home/hadoop/hadoop-2.8.5/share/hadoop/mapreduce/hadoop-mapreduce-examples-2.8.5.jar:/home/hadoop/hadoop-2.8.5/share/hadoop/mapreduce/hadoop-mapreduce-client-app-2.8.5.jar:/home/hadoop/hadoop-2.8.5/share/hadoop/mapreduce/hadoop-mapreduce-client-common-2.8.5.jar:/home/hadoop/hadoop-2.8.5/share/hadoop/mapreduce/hadoop-mapreduce-client-core-2.8.5.jar:/home/hadoop/hadoop-2.8.5/share/hadoop/mapreduce/hadoop-mapreduce-client-hs-2.8.5.jar:/home/hadoop/hadoop-2.8.5/share/hadoop/mapreduce/hadoop-mapreduce-client-jobclient-2.8.5-tests.jar:/home/hadoop/hadoop-2.8.5/share/hadoop/mapreduce/hadoop-mapreduce-client-hs-plugins-2.8.5.jar:/home/hadoop/hadoop-2.8.5/share/hadoop/mapreduce/hadoop-mapreduce-client-jobclient-2.8.5.jar:/home/hadoop/hadoop-2.8.5/share/hadoop/mapreduce/hadoop-mapreduce-client-shuffle-2.8.5.jar:/contrib/capacity-scheduler/*.jar:/contrib/capacity-scheduler/*.jar:/contrib/capacity-scheduler/*.jar
STARTUP_MSG:   build = https://git-wip-us.apache.org/repos/asf/hadoop.git -r 0b8464d75227fcee2c6e7f2410377b3d53d3d5f8; compiled by 'jdu' on 2018-09-10T03:32Z
STARTUP_MSG:   java = 1.8.0_201
************************************************************/
2019-01-19 14:55:03,172 INFO org.apache.hadoop.hdfs.server.namenode.NameNode: registered UNIX signal handlers for [TERM, HUP, INT]
2019-01-19 14:55:03,179 INFO org.apache.hadoop.hdfs.server.namenode.NameNode: createNameNode []
2019-01-19 14:55:03,410 INFO org.apache.hadoop.metrics2.impl.MetricsConfig: loaded properties from hadoop-metrics2.properties
2019-01-19 14:55:03,486 INFO org.apache.hadoop.metrics2.impl.MetricsSystemImpl: Scheduled Metric snapshot period at 10 second(s).
2019-01-19 14:55:03,486 INFO org.apache.hadoop.metrics2.impl.MetricsSystemImpl: NameNode metrics system started
2019-01-19 14:55:03,504 INFO org.apache.hadoop.hdfs.server.namenode.NameNode: fs.defaultFS is hdfs://localhost:9000
2019-01-19 14:55:03,506 INFO org.apache.hadoop.hdfs.server.namenode.NameNode: Clients are to use localhost:9000 to access this namenode/service.
2019-01-19 14:55:03,670 INFO org.apache.hadoop.util.JvmPauseMonitor: Starting JVM pause monitor
2019-01-19 14:55:03,680 INFO org.apache.hadoop.hdfs.DFSUtil: Starting Web-server for hdfs at: http://0.0.0.0:50070
2019-01-19 14:55:03,723 INFO org.mortbay.log: Logging to org.slf4j.impl.Log4jLoggerAdapter(org.mortbay.log) via org.mortbay.log.Slf4jLog
2019-01-19 14:55:03,730 INFO org.apache.hadoop.security.authentication.server.AuthenticationFilter: Unable to initialize FileSignerSecretProvider, falling back to use random secrets.
2019-01-19 14:55:03,742 INFO org.apache.hadoop.http.HttpRequestLog: Http request log for http.requests.namenode is not defined
2019-01-19 14:55:03,747 INFO org.apache.hadoop.http.HttpServer2: Added global filter 'safety' (class=org.apache.hadoop.http.HttpServer2$QuotingInputFilter)
2019-01-19 14:55:03,748 INFO org.apache.hadoop.http.HttpServer2: Added filter static_user_filter (class=org.apache.hadoop.http.lib.StaticUserWebFilter$StaticUserFilter) to context hdfs
2019-01-19 14:55:03,749 INFO org.apache.hadoop.http.HttpServer2: Added filter static_user_filter (class=org.apache.hadoop.http.lib.StaticUserWebFilter$StaticUserFilter) to context static
2019-01-19 14:55:03,749 INFO org.apache.hadoop.http.HttpServer2: Added filter static_user_filter (class=org.apache.hadoop.http.lib.StaticUserWebFilter$StaticUserFilter) to context logs
2019-01-19 14:55:03,858 INFO org.apache.hadoop.http.HttpServer2: Added filter 'org.apache.hadoop.hdfs.web.AuthFilter' (class=org.apache.hadoop.hdfs.web.AuthFilter)
2019-01-19 14:55:03,859 INFO org.apache.hadoop.http.HttpServer2: addJerseyResourcePackage: packageName=org.apache.hadoop.hdfs.server.namenode.web.resources;org.apache.hadoop.hdfs.web.resources, pathSpec=/webhdfs/v1/*
2019-01-19 14:55:03,872 INFO org.apache.hadoop.http.HttpServer2: Jetty bound to port 50070
2019-01-19 14:55:03,872 INFO org.mortbay.log: jetty-6.1.26
2019-01-19 14:55:03,991 INFO org.mortbay.log: Started HttpServer2$SelectChannelConnectorWithSafeStartup@0.0.0.0:50070
2019-01-19 14:55:04,009 WARN org.apache.hadoop.hdfs.server.namenode.FSNamesystem: Only one image storage directory (dfs.namenode.name.dir) configured. Beware of data loss due to lack of redundant storage directories!
2019-01-19 14:55:04,009 WARN org.apache.hadoop.hdfs.server.namenode.FSNamesystem: Only one namespace edits storage directory (dfs.namenode.edits.dir) configured. Beware of data loss due to lack of redundant storage directories!
2019-01-19 14:55:04,039 INFO org.apache.hadoop.hdfs.server.namenode.FSEditLog: Edit logging is async:true
2019-01-19 14:55:04,050 INFO org.apache.hadoop.hdfs.server.namenode.FSNamesystem: KeyProvider: null
2019-01-19 14:55:04,052 INFO org.apache.hadoop.hdfs.server.namenode.FSNamesystem: fsLock is fair: true
2019-01-19 14:55:04,054 INFO org.apache.hadoop.hdfs.server.namenode.FSNamesystem: Detailed lock hold time metrics enabled: false
2019-01-19 14:55:04,092 INFO org.apache.hadoop.hdfs.server.blockmanagement.DatanodeManager: dfs.block.invalidate.limit=1000
2019-01-19 14:55:04,092 INFO org.apache.hadoop.hdfs.server.blockmanagement.DatanodeManager: dfs.namenode.datanode.registration.ip-hostname-check=true
2019-01-19 14:55:04,093 INFO org.apache.hadoop.hdfs.server.blockmanagement.BlockManager: dfs.namenode.startup.delay.block.deletion.sec is set to 000:00:00:00.000
2019-01-19 14:55:04,093 INFO org.apache.hadoop.hdfs.server.blockmanagement.BlockManager: The block deletion will start around 2019 Jan 19 14:55:04
2019-01-19 14:55:04,095 INFO org.apache.hadoop.util.GSet: Computing capacity for map BlocksMap
2019-01-19 14:55:04,095 INFO org.apache.hadoop.util.GSet: VM type       = 64-bit
2019-01-19 14:55:04,096 INFO org.apache.hadoop.util.GSet: 2.0% max memory 889 MB = 17.8 MB
2019-01-19 14:55:04,096 INFO org.apache.hadoop.util.GSet: capacity      = 2^21 = 2097152 entries
2019-01-19 14:55:04,110 INFO org.apache.hadoop.hdfs.server.blockmanagement.BlockManager: dfs.block.access.token.enable=false
2019-01-19 14:55:04,112 INFO org.apache.hadoop.hdfs.server.blockmanagement.BlockManager: defaultReplication         = 3
2019-01-19 14:55:04,112 INFO org.apache.hadoop.hdfs.server.blockmanagement.BlockManager: maxReplication             = 512
2019-01-19 14:55:04,112 INFO org.apache.hadoop.hdfs.server.blockmanagement.BlockManager: minReplication             = 1
2019-01-19 14:55:04,112 INFO org.apache.hadoop.hdfs.server.blockmanagement.BlockManager: maxReplicationStreams      = 2
2019-01-19 14:55:04,112 INFO org.apache.hadoop.hdfs.server.blockmanagement.BlockManager: replicationRecheckInterval = 3000
2019-01-19 14:55:04,112 INFO org.apache.hadoop.hdfs.server.blockmanagement.BlockManager: encryptDataTransfer        = false
2019-01-19 14:55:04,112 INFO org.apache.hadoop.hdfs.server.blockmanagement.BlockManager: maxNumBlocksToLog          = 1000
2019-01-19 14:55:04,117 INFO org.apache.hadoop.hdfs.server.namenode.FSNamesystem: fsOwner             = hadoop (auth:SIMPLE)
2019-01-19 14:55:04,117 INFO org.apache.hadoop.hdfs.server.namenode.FSNamesystem: supergroup          = supergroup
2019-01-19 14:55:04,118 INFO org.apache.hadoop.hdfs.server.namenode.FSNamesystem: isPermissionEnabled = true
2019-01-19 14:55:04,118 INFO org.apache.hadoop.hdfs.server.namenode.FSNamesystem: HA Enabled: false
2019-01-19 14:55:04,119 INFO org.apache.hadoop.hdfs.server.namenode.FSNamesystem: Append Enabled: true
2019-01-19 14:55:04,358 INFO org.apache.hadoop.util.GSet: Computing capacity for map INodeMap
2019-01-19 14:55:04,358 INFO org.apache.hadoop.util.GSet: VM type       = 64-bit
2019-01-19 14:55:04,358 INFO org.apache.hadoop.util.GSet: 1.0% max memory 889 MB = 8.9 MB
2019-01-19 14:55:04,358 INFO org.apache.hadoop.util.GSet: capacity      = 2^20 = 1048576 entries
2019-01-19 14:55:04,359 INFO org.apache.hadoop.hdfs.server.namenode.FSDirectory: ACLs enabled? false
2019-01-19 14:55:04,359 INFO org.apache.hadoop.hdfs.server.namenode.FSDirectory: XAttrs enabled? true
2019-01-19 14:55:04,359 INFO org.apache.hadoop.hdfs.server.namenode.NameNode: Caching file names occurring more than 10 times
2019-01-19 14:55:04,365 INFO org.apache.hadoop.util.GSet: Computing capacity for map cachedBlocks
2019-01-19 14:55:04,365 INFO org.apache.hadoop.util.GSet: VM type       = 64-bit
2019-01-19 14:55:04,366 INFO org.apache.hadoop.util.GSet: 0.25% max memory 889 MB = 2.2 MB
2019-01-19 14:55:04,366 INFO org.apache.hadoop.util.GSet: capacity      = 2^18 = 262144 entries
2019-01-19 14:55:04,367 INFO org.apache.hadoop.hdfs.server.namenode.FSNamesystem: dfs.namenode.safemode.threshold-pct = 0.9990000128746033
2019-01-19 14:55:04,367 INFO org.apache.hadoop.hdfs.server.namenode.FSNamesystem: dfs.namenode.safemode.min.datanodes = 0
2019-01-19 14:55:04,367 INFO org.apache.hadoop.hdfs.server.namenode.FSNamesystem: dfs.namenode.safemode.extension     = 30000
2019-01-19 14:55:04,370 INFO org.apache.hadoop.hdfs.server.namenode.top.metrics.TopMetrics: NNTop conf: dfs.namenode.top.window.num.buckets = 10
2019-01-19 14:55:04,370 INFO org.apache.hadoop.hdfs.server.namenode.top.metrics.TopMetrics: NNTop conf: dfs.namenode.top.num.users = 10
2019-01-19 14:55:04,370 INFO org.apache.hadoop.hdfs.server.namenode.top.metrics.TopMetrics: NNTop conf: dfs.namenode.top.windows.minutes = 1,5,25
2019-01-19 14:55:04,373 INFO org.apache.hadoop.hdfs.server.namenode.FSNamesystem: Retry cache on namenode is enabled
2019-01-19 14:55:04,373 INFO org.apache.hadoop.hdfs.server.namenode.FSNamesystem: Retry cache will use 0.03 of total heap and retry cache entry expiry time is 600000 millis
2019-01-19 14:55:04,375 INFO org.apache.hadoop.util.GSet: Computing capacity for map NameNodeRetryCache
2019-01-19 14:55:04,375 INFO org.apache.hadoop.util.GSet: VM type       = 64-bit
2019-01-19 14:55:04,375 INFO org.apache.hadoop.util.GSet: 0.029999999329447746% max memory 889 MB = 273.1 KB
2019-01-19 14:55:04,375 INFO org.apache.hadoop.util.GSet: capacity      = 2^15 = 32768 entries
2019-01-19 14:55:04,386 INFO org.apache.hadoop.hdfs.server.common.Storage: Lock on /home/hadoop/hadooptmpdata/dfs/name/in_use.lock acquired by nodename 4478@ip-172-31-21-252.ec2.internal
2019-01-19 14:55:04,400 INFO org.apache.hadoop.hdfs.server.namenode.FileJournalManager: Recovering unfinalized segments in /home/hadoop/hadooptmpdata/dfs/name/current
2019-01-19 14:55:04,400 INFO org.apache.hadoop.hdfs.server.namenode.FSImage: No edit log streams selected.
2019-01-19 14:55:04,401 INFO org.apache.hadoop.hdfs.server.namenode.FSImage: Planning to load image: FSImageFile(file=/home/hadoop/hadooptmpdata/dfs/name/current/fsimage_0000000000000000000, cpktTxId=0000000000000000000)
2019-01-19 14:55:04,428 INFO org.apache.hadoop.hdfs.server.namenode.FSImageFormatPBINode: Loading 1 INodes.
2019-01-19 14:55:04,449 INFO org.apache.hadoop.hdfs.server.namenode.FSImageFormatProtobuf: Loaded FSImage in 0 seconds.
2019-01-19 14:55:04,449 INFO org.apache.hadoop.hdfs.server.namenode.FSImage: Loaded image for txid 0 from /home/hadoop/hadooptmpdata/dfs/name/current/fsimage_0000000000000000000
2019-01-19 14:55:04,452 INFO org.apache.hadoop.hdfs.server.namenode.FSNamesystem: Need to save fs image? false (staleImage=false, haEnabled=false, isRollingUpgrade=false)
2019-01-19 14:55:04,453 INFO org.apache.hadoop.hdfs.server.namenode.FSEditLog: Starting log segment at 1
2019-01-19 14:55:04,556 INFO org.apache.hadoop.hdfs.server.namenode.NameCache: initialized with 0 entries 0 lookups
2019-01-19 14:55:04,556 INFO org.apache.hadoop.hdfs.server.namenode.FSNamesystem: Finished loading FSImage in 179 msecs
2019-01-19 14:55:04,684 INFO org.apache.hadoop.hdfs.server.namenode.NameNode: RPC server is binding to localhost:9000
2019-01-19 14:55:04,689 INFO org.apache.hadoop.ipc.CallQueueManager: Using callQueue: class java.util.concurrent.LinkedBlockingQueue queueCapacity: 1000 scheduler: class org.apache.hadoop.ipc.DefaultRpcScheduler
2019-01-19 14:55:04,698 INFO org.apache.hadoop.ipc.Server: Starting Socket Reader #1 for port 9000
2019-01-19 14:55:04,739 INFO org.apache.hadoop.hdfs.server.namenode.FSNamesystem: Registered FSNamesystemState MBean
2019-01-19 14:55:04,747 INFO org.apache.hadoop.hdfs.server.namenode.LeaseManager: Number of blocks under construction: 0
2019-01-19 14:55:04,747 INFO org.apache.hadoop.hdfs.server.blockmanagement.BlockManager: initializing replication queues
2019-01-19 14:55:04,748 INFO org.apache.hadoop.hdfs.StateChange: STATE* Leaving safe mode after 0 secs
2019-01-19 14:55:04,748 INFO org.apache.hadoop.hdfs.StateChange: STATE* Network topology has 0 racks and 0 datanodes
2019-01-19 14:55:04,748 INFO org.apache.hadoop.hdfs.StateChange: STATE* UnderReplicatedBlocks has 0 blocks
2019-01-19 14:55:04,755 INFO org.apache.hadoop.hdfs.server.blockmanagement.BlockManager: Total number of blocks            = 0
2019-01-19 14:55:04,755 INFO org.apache.hadoop.hdfs.server.blockmanagement.BlockManager: Number of invalid blocks          = 0
2019-01-19 14:55:04,755 INFO org.apache.hadoop.hdfs.server.blockmanagement.BlockManager: Number of under-replicated blocks = 0
2019-01-19 14:55:04,755 INFO org.apache.hadoop.hdfs.server.blockmanagement.BlockManager: Number of  over-replicated blocks = 0
2019-01-19 14:55:04,756 INFO org.apache.hadoop.hdfs.server.blockmanagement.BlockManager: Number of blocks being written    = 0
2019-01-19 14:55:04,756 INFO org.apache.hadoop.hdfs.StateChange: STATE* Replication Queue initialization scan for invalid, over- and under-replicated blocks completed in 8 msec
2019-01-19 14:55:04,774 INFO org.apache.hadoop.ipc.Server: IPC Server Responder: starting
2019-01-19 14:55:04,774 INFO org.apache.hadoop.ipc.Server: IPC Server listener on 9000: starting
2019-01-19 14:55:04,777 INFO org.apache.hadoop.hdfs.server.namenode.NameNode: NameNode RPC up at: localhost/127.0.0.1:9000
2019-01-19 14:55:04,781 INFO org.apache.hadoop.hdfs.server.namenode.FSNamesystem: Starting services required for active state
2019-01-19 14:55:04,781 INFO org.apache.hadoop.hdfs.server.namenode.FSDirectory: Initializing quota with 4 thread(s)
2019-01-19 14:55:04,784 INFO org.apache.hadoop.hdfs.server.namenode.FSDirectory: Quota initialization completed in 3 milliseconds
name space=1
storage space=0
storage types=RAM_DISK=0, SSD=0, DISK=0, ARCHIVE=0
2019-01-19 14:55:04,787 INFO org.apache.hadoop.hdfs.server.blockmanagement.CacheReplicationMonitor: Starting CacheReplicationMonitor with interval 30000 milliseconds
2019-01-19 14:55:09,534 INFO org.apache.hadoop.hdfs.StateChange: BLOCK* registerDatanode: from DatanodeRegistration(127.0.0.1:50010, datanodeUuid=c8d286b5-b935-45fc-a3c8-64418ed47a0a, infoPort=50075, infoSecurePort=0, ipcPort=50020, storageInfo=lv=-57;cid=CID-c1fd9fae-a29d-4b99-bdc4-b1eeeb696232;nsid=651687639;c=1547909664520) storage c8d286b5-b935-45fc-a3c8-64418ed47a0a
2019-01-19 14:55:09,535 INFO org.apache.hadoop.net.NetworkTopology: Adding a new node: /default-rack/127.0.0.1:50010
2019-01-19 14:55:09,535 INFO org.apache.hadoop.hdfs.server.blockmanagement.BlockReportLeaseManager: Registered DN c8d286b5-b935-45fc-a3c8-64418ed47a0a (127.0.0.1:50010).
2019-01-19 14:55:09,580 INFO org.apache.hadoop.hdfs.server.blockmanagement.DatanodeDescriptor: Adding new storage ID DS-99ee9d9a-6f5a-4c4f-b3a3-579542978ec7 for DN 127.0.0.1:50010
2019-01-19 14:55:09,612 INFO BlockStateChange: BLOCK* processReport 0xefe6c3fe6b1b5785: Processing first storage report for DS-99ee9d9a-6f5a-4c4f-b3a3-579542978ec7 from datanode c8d286b5-b935-45fc-a3c8-64418ed47a0a
2019-01-19 14:55:09,614 INFO BlockStateChange: BLOCK* processReport 0xefe6c3fe6b1b5785: from storage DS-99ee9d9a-6f5a-4c4f-b3a3-579542978ec7 node DatanodeRegistration(127.0.0.1:50010, datanodeUuid=c8d286b5-b935-45fc-a3c8-64418ed47a0a, infoPort=50075, infoSecurePort=0, ipcPort=50020, storageInfo=lv=-57;cid=CID-c1fd9fae-a29d-4b99-bdc4-b1eeeb696232;nsid=651687639;c=1547909664520), blocks: 0, hasStaleStorage: false, processing time: 1 msecs, invalidatedBlocks: 0
2019-01-19 14:56:37,921 INFO org.apache.hadoop.hdfs.server.namenode.FSEditLog: Number of transactions: 2 Total time for transactions(ms): 10 Number of transactions batched in Syncs: 0 Number of syncs: 2 SyncTimes(ms): 8 
2019-01-19 15:14:02,383 INFO org.apache.hadoop.hdfs.server.namenode.FSEditLog: Number of transactions: 3 Total time for transactions(ms): 10 Number of transactions batched in Syncs: 0 Number of syncs: 3 SyncTimes(ms): 9 
2019-01-19 15:16:01,706 INFO org.apache.hadoop.hdfs.server.namenode.FSEditLog: Number of transactions: 6 Total time for transactions(ms): 10 Number of transactions batched in Syncs: 0 Number of syncs: 6 SyncTimes(ms): 12 
2019-01-19 15:23:17,398 INFO org.apache.hadoop.hdfs.server.namenode.FSNamesystem: Roll Edit Log from 127.0.0.1
2019-01-19 15:23:17,398 INFO org.apache.hadoop.hdfs.server.namenode.FSEditLog: Rolling edit logs
2019-01-19 15:23:17,398 INFO org.apache.hadoop.hdfs.server.namenode.FSEditLog: Ending log segment 1, 8
2019-01-19 15:23:17,398 INFO org.apache.hadoop.hdfs.server.namenode.FSEditLog: Number of transactions: 9 Total time for transactions(ms): 12 Number of transactions batched in Syncs: 0 Number of syncs: 9 SyncTimes(ms): 15 
2019-01-19 15:23:17,399 INFO org.apache.hadoop.hdfs.server.namenode.FSEditLog: Number of transactions: 9 Total time for transactions(ms): 12 Number of transactions batched in Syncs: 0 Number of syncs: 10 SyncTimes(ms): 16 
2019-01-19 15:23:17,400 INFO org.apache.hadoop.hdfs.server.namenode.FileJournalManager: Finalizing edits file /home/hadoop/hadooptmpdata/dfs/name/current/edits_inprogress_0000000000000000001 -> /home/hadoop/hadooptmpdata/dfs/name/current/edits_0000000000000000001-0000000000000000009
2019-01-19 15:23:17,446 INFO org.apache.hadoop.hdfs.server.namenode.FSEditLog: Starting log segment at 10
2019-01-19 15:23:17,894 INFO org.apache.hadoop.hdfs.server.namenode.TransferFsImage: Transfer took 0.00s at 0.00 KB/s
2019-01-19 15:23:17,895 INFO org.apache.hadoop.hdfs.server.namenode.TransferFsImage: Downloaded file fsimage.ckpt_0000000000000000009 size 641 bytes.
2019-01-19 15:23:17,899 INFO org.apache.hadoop.hdfs.server.namenode.NNStorageRetentionManager: Going to retain 2 images with txid >= 0
2019-01-19 15:49:07,846 INFO org.apache.hadoop.ipc.Server: IPC Server handler 9 on 9000, call Call#1 Retry#0 org.apache.hadoop.hdfs.protocol.ClientProtocol.mkdirs from 127.0.0.1:47842: org.apache.hadoop.security.AccessControlException: Permission denied: user=root, access=WRITE, inode="/tmp":hadoop:supergroup:drwxrwxr-x
2019-01-19 15:57:16,399 INFO org.apache.hadoop.ipc.Server: IPC Server handler 4 on 9000, call Call#1 Retry#0 org.apache.hadoop.hdfs.protocol.ClientProtocol.mkdirs from 127.0.0.1:47888: org.apache.hadoop.security.AccessControlException: Permission denied: user=root, access=WRITE, inode="/tmp":hadoop:supergroup:drwxrwxr-x
2019-01-19 16:02:18,676 INFO org.apache.hadoop.hdfs.server.namenode.FSEditLog: Number of transactions: 2 Total time for transactions(ms): 1 Number of transactions batched in Syncs: 0 Number of syncs: 2 SyncTimes(ms): 10 
2019-01-19 16:12:34,334 INFO org.apache.hadoop.hdfs.server.namenode.FSEditLog: Number of transactions: 4 Total time for transactions(ms): 1 Number of transactions batched in Syncs: 0 Number of syncs: 4 SyncTimes(ms): 11 
2019-01-19 16:13:54,342 INFO org.apache.hadoop.hdfs.server.namenode.FSEditLog: Number of transactions: 7 Total time for transactions(ms): 1 Number of transactions batched in Syncs: 0 Number of syncs: 7 SyncTimes(ms): 14 
2019-01-19 16:15:48,913 INFO org.apache.hadoop.hdfs.server.namenode.FSEditLog: Number of transactions: 9 Total time for transactions(ms): 1 Number of transactions batched in Syncs: 0 Number of syncs: 9 SyncTimes(ms): 16 
2019-01-19 16:23:18,092 INFO org.apache.hadoop.hdfs.server.namenode.FSNamesystem: Roll Edit Log from 127.0.0.1
2019-01-19 16:23:18,092 INFO org.apache.hadoop.hdfs.server.namenode.FSEditLog: Rolling edit logs
2019-01-19 16:23:18,092 INFO org.apache.hadoop.hdfs.server.namenode.FSEditLog: Ending log segment 10, 19
2019-01-19 16:23:18,092 INFO org.apache.hadoop.hdfs.server.namenode.FSEditLog: Number of transactions: 11 Total time for transactions(ms): 1 Number of transactions batched in Syncs: 0 Number of syncs: 11 SyncTimes(ms): 17 
2019-01-19 16:23:18,093 INFO org.apache.hadoop.hdfs.server.namenode.FSEditLog: Number of transactions: 11 Total time for transactions(ms): 1 Number of transactions batched in Syncs: 0 Number of syncs: 12 SyncTimes(ms): 18 
2019-01-19 16:23:18,094 INFO org.apache.hadoop.hdfs.server.namenode.FileJournalManager: Finalizing edits file /home/hadoop/hadooptmpdata/dfs/name/current/edits_inprogress_0000000000000000010 -> /home/hadoop/hadooptmpdata/dfs/name/current/edits_0000000000000000010-0000000000000000020
2019-01-19 16:23:18,094 INFO org.apache.hadoop.hdfs.server.namenode.FSEditLog: Starting log segment at 21
2019-01-19 16:23:18,138 INFO org.apache.hadoop.hdfs.server.namenode.TransferFsImage: Transfer took 0.00s at 0.00 KB/s
2019-01-19 16:23:18,138 INFO org.apache.hadoop.hdfs.server.namenode.TransferFsImage: Downloaded file fsimage.ckpt_0000000000000000020 size 998 bytes.
2019-01-19 16:23:18,142 INFO org.apache.hadoop.hdfs.server.namenode.NNStorageRetentionManager: Going to retain 2 images with txid >= 9
2019-01-19 16:23:18,142 INFO org.apache.hadoop.hdfs.server.namenode.NNStorageRetentionManager: Purging old image FSImageFile(file=/home/hadoop/hadooptmpdata/dfs/name/current/fsimage_0000000000000000000, cpktTxId=0000000000000000000)
