2019-01-19 14:55:16,069 INFO org.apache.hadoop.hdfs.server.namenode.SecondaryNameNode: STARTUP_MSG: 
/************************************************************
STARTUP_MSG: Starting SecondaryNameNode
STARTUP_MSG:   user = hadoop
STARTUP_MSG:   host = ip-172-31-21-252.ec2.internal/172.31.21.252
STARTUP_MSG:   args = []
STARTUP_MSG:   version = 2.8.5
STARTUP_MSG:   classpath = /home/hadoop/hadoop-2.8.5/etc/hadoop:/home/hadoop/hadoop-2.8.5/share/hadoop/common/lib/protobuf-java-2.5.0.jar:/home/hadoop/hadoop-2.8.5/share/hadoop/common/lib/jsp-api-2.1.jar:/home/hadoop/hadoop-2.8.5/share/hadoop/common/lib/curator-client-2.7.1.jar:/home/hadoop/hadoop-2.8.5/share/hadoop/common/lib/jackson-core-asl-1.9.13.jar:/home/hadoop/hadoop-2.8.5/share/hadoop/common/lib/commons-configuration-1.6.jar:/home/hadoop/hadoop-2.8.5/share/hadoop/common/lib/guava-11.0.2.jar:/home/hadoop/hadoop-2.8.5/share/hadoop/common/lib/jackson-jaxrs-1.9.13.jar:/home/hadoop/hadoop-2.8.5/share/hadoop/common/lib/java-xmlbuilder-0.4.jar:/home/hadoop/hadoop-2.8.5/share/hadoop/common/lib/httpclient-4.5.2.jar:/home/hadoop/hadoop-2.8.5/share/hadoop/common/lib/curator-recipes-2.7.1.jar:/home/hadoop/hadoop-2.8.5/share/hadoop/common/lib/activation-1.1.jar:/home/hadoop/hadoop-2.8.5/share/hadoop/common/lib/jersey-server-1.9.jar:/home/hadoop/hadoop-2.8.5/share/hadoop/common/lib/jetty-6.1.26.jar:/home/hadoop/hadoop-2.8.5/share/hadoop/common/lib/apacheds-i18n-2.0.0-M15.jar:/home/hadoop/hadoop-2.8.5/share/hadoop/common/lib/httpcore-4.4.4.jar:/home/hadoop/hadoop-2.8.5/share/hadoop/common/lib/jetty-sslengine-6.1.26.jar:/home/hadoop/hadoop-2.8.5/share/hadoop/common/lib/commons-cli-1.2.jar:/home/hadoop/hadoop-2.8.5/share/hadoop/common/lib/zookeeper-3.4.6.jar:/home/hadoop/hadoop-2.8.5/share/hadoop/common/lib/xz-1.0.jar:/home/hadoop/hadoop-2.8.5/share/hadoop/common/lib/json-smart-1.3.1.jar:/home/hadoop/hadoop-2.8.5/share/hadoop/common/lib/jackson-mapper-asl-1.9.13.jar:/home/hadoop/hadoop-2.8.5/share/hadoop/common/lib/commons-math3-3.1.1.jar:/home/hadoop/hadoop-2.8.5/share/hadoop/common/lib/jackson-xc-1.9.13.jar:/home/hadoop/hadoop-2.8.5/share/hadoop/common/lib/commons-logging-1.1.3.jar:/home/hadoop/hadoop-2.8.5/share/hadoop/common/lib/commons-beanutils-core-1.8.0.jar:/home/hadoop/hadoop-2.8.5/share/hadoop/common/lib/jaxb-api-2.2.2.jar:/home/hadoop/hadoop-2.8.5/share/hadoop/common/lib/jaxb-impl-2.2.3-1.jar:/home/hadoop/hadoop-2.8.5/share/hadoop/common/lib/apacheds-kerberos-codec-2.0.0-M15.jar:/home/hadoop/hadoop-2.8.5/share/hadoop/common/lib/slf4j-api-1.7.10.jar:/home/hadoop/hadoop-2.8.5/share/hadoop/common/lib/api-util-1.0.0-M20.jar:/home/hadoop/hadoop-2.8.5/share/hadoop/common/lib/commons-beanutils-1.7.0.jar:/home/hadoop/hadoop-2.8.5/share/hadoop/common/lib/paranamer-2.3.jar:/home/hadoop/hadoop-2.8.5/share/hadoop/common/lib/snappy-java-1.0.4.1.jar:/home/hadoop/hadoop-2.8.5/share/hadoop/common/lib/commons-collections-3.2.2.jar:/home/hadoop/hadoop-2.8.5/share/hadoop/common/lib/jetty-util-6.1.26.jar:/home/hadoop/hadoop-2.8.5/share/hadoop/common/lib/hadoop-annotations-2.8.5.jar:/home/hadoop/hadoop-2.8.5/share/hadoop/common/lib/jsr305-3.0.0.jar:/home/hadoop/hadoop-2.8.5/share/hadoop/common/lib/nimbus-jose-jwt-4.41.1.jar:/home/hadoop/hadoop-2.8.5/share/hadoop/common/lib/api-asn1-api-1.0.0-M20.jar:/home/hadoop/hadoop-2.8.5/share/hadoop/common/lib/jcip-annotations-1.0-1.jar:/home/hadoop/hadoop-2.8.5/share/hadoop/common/lib/xmlenc-0.52.jar:/home/hadoop/hadoop-2.8.5/share/hadoop/common/lib/jersey-json-1.9.jar:/home/hadoop/hadoop-2.8.5/share/hadoop/common/lib/commons-compress-1.4.1.jar:/home/hadoop/hadoop-2.8.5/share/hadoop/common/lib/log4j-1.2.17.jar:/home/hadoop/hadoop-2.8.5/share/hadoop/common/lib/jsch-0.1.54.jar:/home/hadoop/hadoop-2.8.5/share/hadoop/common/lib/slf4j-log4j12-1.7.10.jar:/home/hadoop/hadoop-2.8.5/share/hadoop/common/lib/netty-3.6.2.Final.jar:/home/hadoop/hadoop-2.8.5/share/hadoop/common/lib/asm-3.2.jar:/home/hadoop/hadoop-2.8.5/share/hadoop/common/lib/jersey-core-1.9.jar:/home/hadoop/hadoop-2.8.5/share/hadoop/common/lib/gson-2.2.4.jar:/home/hadoop/hadoop-2.8.5/share/hadoop/common/lib/hamcrest-core-1.3.jar:/home/hadoop/hadoop-2.8.5/share/hadoop/common/lib/commons-codec-1.4.jar:/home/hadoop/hadoop-2.8.5/share/hadoop/common/lib/mockito-all-1.8.5.jar:/home/hadoop/hadoop-2.8.5/share/hadoop/common/lib/jets3t-0.9.0.jar:/home/hadoop/hadoop-2.8.5/share/hadoop/common/lib/hadoop-auth-2.8.5.jar:/home/hadoop/hadoop-2.8.5/share/hadoop/common/lib/servlet-api-2.5.jar:/home/hadoop/hadoop-2.8.5/share/hadoop/common/lib/junit-4.11.jar:/home/hadoop/hadoop-2.8.5/share/hadoop/common/lib/commons-digester-1.8.jar:/home/hadoop/hadoop-2.8.5/share/hadoop/common/lib/stax-api-1.0-2.jar:/home/hadoop/hadoop-2.8.5/share/hadoop/common/lib/commons-lang-2.6.jar:/home/hadoop/hadoop-2.8.5/share/hadoop/common/lib/avro-1.7.4.jar:/home/hadoop/hadoop-2.8.5/share/hadoop/common/lib/curator-framework-2.7.1.jar:/home/hadoop/hadoop-2.8.5/share/hadoop/common/lib/htrace-core4-4.0.1-incubating.jar:/home/hadoop/hadoop-2.8.5/share/hadoop/common/lib/commons-net-3.1.jar:/home/hadoop/hadoop-2.8.5/share/hadoop/common/lib/jettison-1.1.jar:/home/hadoop/hadoop-2.8.5/share/hadoop/common/lib/commons-io-2.4.jar:/home/hadoop/hadoop-2.8.5/share/hadoop/common/hadoop-common-2.8.5-tests.jar:/home/hadoop/hadoop-2.8.5/share/hadoop/common/hadoop-nfs-2.8.5.jar:/home/hadoop/hadoop-2.8.5/share/hadoop/common/hadoop-common-2.8.5.jar:/home/hadoop/hadoop-2.8.5/share/hadoop/hdfs:/home/hadoop/hadoop-2.8.5/share/hadoop/hdfs/lib/protobuf-java-2.5.0.jar:/home/hadoop/hadoop-2.8.5/share/hadoop/hdfs/lib/xercesImpl-2.9.1.jar:/home/hadoop/hadoop-2.8.5/share/hadoop/hdfs/lib/jackson-core-asl-1.9.13.jar:/home/hadoop/hadoop-2.8.5/share/hadoop/hdfs/lib/guava-11.0.2.jar:/home/hadoop/hadoop-2.8.5/share/hadoop/hdfs/lib/jersey-server-1.9.jar:/home/hadoop/hadoop-2.8.5/share/hadoop/hdfs/lib/okhttp-2.4.0.jar:/home/hadoop/hadoop-2.8.5/share/hadoop/hdfs/lib/hadoop-hdfs-client-2.8.5.jar:/home/hadoop/hadoop-2.8.5/share/hadoop/hdfs/lib/jetty-6.1.26.jar:/home/hadoop/hadoop-2.8.5/share/hadoop/hdfs/lib/netty-all-4.0.23.Final.jar:/home/hadoop/hadoop-2.8.5/share/hadoop/hdfs/lib/commons-cli-1.2.jar:/home/hadoop/hadoop-2.8.5/share/hadoop/hdfs/lib/jackson-mapper-asl-1.9.13.jar:/home/hadoop/hadoop-2.8.5/share/hadoop/hdfs/lib/commons-logging-1.1.3.jar:/home/hadoop/hadoop-2.8.5/share/hadoop/hdfs/lib/okio-1.4.0.jar:/home/hadoop/hadoop-2.8.5/share/hadoop/hdfs/lib/jetty-util-6.1.26.jar:/home/hadoop/hadoop-2.8.5/share/hadoop/hdfs/lib/jsr305-3.0.0.jar:/home/hadoop/hadoop-2.8.5/share/hadoop/hdfs/lib/xmlenc-0.52.jar:/home/hadoop/hadoop-2.8.5/share/hadoop/hdfs/lib/log4j-1.2.17.jar:/home/hadoop/hadoop-2.8.5/share/hadoop/hdfs/lib/xml-apis-1.3.04.jar:/home/hadoop/hadoop-2.8.5/share/hadoop/hdfs/lib/netty-3.6.2.Final.jar:/home/hadoop/hadoop-2.8.5/share/hadoop/hdfs/lib/asm-3.2.jar:/home/hadoop/hadoop-2.8.5/share/hadoop/hdfs/lib/jersey-core-1.9.jar:/home/hadoop/hadoop-2.8.5/share/hadoop/hdfs/lib/commons-codec-1.4.jar:/home/hadoop/hadoop-2.8.5/share/hadoop/hdfs/lib/leveldbjni-all-1.8.jar:/home/hadoop/hadoop-2.8.5/share/hadoop/hdfs/lib/commons-daemon-1.0.13.jar:/home/hadoop/hadoop-2.8.5/share/hadoop/hdfs/lib/servlet-api-2.5.jar:/home/hadoop/hadoop-2.8.5/share/hadoop/hdfs/lib/commons-lang-2.6.jar:/home/hadoop/hadoop-2.8.5/share/hadoop/hdfs/lib/htrace-core4-4.0.1-incubating.jar:/home/hadoop/hadoop-2.8.5/share/hadoop/hdfs/lib/commons-io-2.4.jar:/home/hadoop/hadoop-2.8.5/share/hadoop/hdfs/hadoop-hdfs-client-2.8.5.jar:/home/hadoop/hadoop-2.8.5/share/hadoop/hdfs/hadoop-hdfs-native-client-2.8.5.jar:/home/hadoop/hadoop-2.8.5/share/hadoop/hdfs/hadoop-hdfs-client-2.8.5-tests.jar:/home/hadoop/hadoop-2.8.5/share/hadoop/hdfs/hadoop-hdfs-2.8.5.jar:/home/hadoop/hadoop-2.8.5/share/hadoop/hdfs/hadoop-hdfs-2.8.5-tests.jar:/home/hadoop/hadoop-2.8.5/share/hadoop/hdfs/hadoop-hdfs-native-client-2.8.5-tests.jar:/home/hadoop/hadoop-2.8.5/share/hadoop/hdfs/hadoop-hdfs-nfs-2.8.5.jar:/home/hadoop/hadoop-2.8.5/share/hadoop/yarn/lib/protobuf-java-2.5.0.jar:/home/hadoop/hadoop-2.8.5/share/hadoop/yarn/lib/guice-3.0.jar:/home/hadoop/hadoop-2.8.5/share/hadoop/yarn/lib/curator-client-2.7.1.jar:/home/hadoop/hadoop-2.8.5/share/hadoop/yarn/lib/jackson-core-asl-1.9.13.jar:/home/hadoop/hadoop-2.8.5/share/hadoop/yarn/lib/guava-11.0.2.jar:/home/hadoop/hadoop-2.8.5/share/hadoop/yarn/lib/jackson-jaxrs-1.9.13.jar:/home/hadoop/hadoop-2.8.5/share/hadoop/yarn/lib/guice-servlet-3.0.jar:/home/hadoop/hadoop-2.8.5/share/hadoop/yarn/lib/json-io-2.5.1.jar:/home/hadoop/hadoop-2.8.5/share/hadoop/yarn/lib/activation-1.1.jar:/home/hadoop/hadoop-2.8.5/share/hadoop/yarn/lib/jersey-server-1.9.jar:/home/hadoop/hadoop-2.8.5/share/hadoop/yarn/lib/java-util-1.9.0.jar:/home/hadoop/hadoop-2.8.5/share/hadoop/yarn/lib/jetty-6.1.26.jar:/home/hadoop/hadoop-2.8.5/share/hadoop/yarn/lib/javassist-3.18.1-GA.jar:/home/hadoop/hadoop-2.8.5/share/hadoop/yarn/lib/commons-cli-1.2.jar:/home/hadoop/hadoop-2.8.5/share/hadoop/yarn/lib/zookeeper-3.4.6.jar:/home/hadoop/hadoop-2.8.5/share/hadoop/yarn/lib/xz-1.0.jar:/home/hadoop/hadoop-2.8.5/share/hadoop/yarn/lib/jackson-mapper-asl-1.9.13.jar:/home/hadoop/hadoop-2.8.5/share/hadoop/yarn/lib/jackson-xc-1.9.13.jar:/home/hadoop/hadoop-2.8.5/share/hadoop/yarn/lib/commons-logging-1.1.3.jar:/home/hadoop/hadoop-2.8.5/share/hadoop/yarn/lib/jaxb-api-2.2.2.jar:/home/hadoop/hadoop-2.8.5/share/hadoop/yarn/lib/jaxb-impl-2.2.3-1.jar:/home/hadoop/hadoop-2.8.5/share/hadoop/yarn/lib/javax.inject-1.jar:/home/hadoop/hadoop-2.8.5/share/hadoop/yarn/lib/curator-test-2.7.1.jar:/home/hadoop/hadoop-2.8.5/share/hadoop/yarn/lib/commons-collections-3.2.2.jar:/home/hadoop/hadoop-2.8.5/share/hadoop/yarn/lib/jetty-util-6.1.26.jar:/home/hadoop/hadoop-2.8.5/share/hadoop/yarn/lib/jsr305-3.0.0.jar:/home/hadoop/hadoop-2.8.5/share/hadoop/yarn/lib/zookeeper-3.4.6-tests.jar:/home/hadoop/hadoop-2.8.5/share/hadoop/yarn/lib/jersey-json-1.9.jar:/home/hadoop/hadoop-2.8.5/share/hadoop/yarn/lib/commons-compress-1.4.1.jar:/home/hadoop/hadoop-2.8.5/share/hadoop/yarn/lib/log4j-1.2.17.jar:/home/hadoop/hadoop-2.8.5/share/hadoop/yarn/lib/jersey-guice-1.9.jar:/home/hadoop/hadoop-2.8.5/share/hadoop/yarn/lib/netty-3.6.2.Final.jar:/home/hadoop/hadoop-2.8.5/share/hadoop/yarn/lib/asm-3.2.jar:/home/hadoop/hadoop-2.8.5/share/hadoop/yarn/lib/jersey-core-1.9.jar:/home/hadoop/hadoop-2.8.5/share/hadoop/yarn/lib/commons-codec-1.4.jar:/home/hadoop/hadoop-2.8.5/share/hadoop/yarn/lib/leveldbjni-all-1.8.jar:/home/hadoop/hadoop-2.8.5/share/hadoop/yarn/lib/servlet-api-2.5.jar:/home/hadoop/hadoop-2.8.5/share/hadoop/yarn/lib/stax-api-1.0-2.jar:/home/hadoop/hadoop-2.8.5/share/hadoop/yarn/lib/aopalliance-1.0.jar:/home/hadoop/hadoop-2.8.5/share/hadoop/yarn/lib/fst-2.50.jar:/home/hadoop/hadoop-2.8.5/share/hadoop/yarn/lib/commons-math-2.2.jar:/home/hadoop/hadoop-2.8.5/share/hadoop/yarn/lib/commons-lang-2.6.jar:/home/hadoop/hadoop-2.8.5/share/hadoop/yarn/lib/jersey-client-1.9.jar:/home/hadoop/hadoop-2.8.5/share/hadoop/yarn/lib/jettison-1.1.jar:/home/hadoop/hadoop-2.8.5/share/hadoop/yarn/lib/commons-io-2.4.jar:/home/hadoop/hadoop-2.8.5/share/hadoop/yarn/hadoop-yarn-server-web-proxy-2.8.5.jar:/home/hadoop/hadoop-2.8.5/share/hadoop/yarn/hadoop-yarn-server-tests-2.8.5.jar:/home/hadoop/hadoop-2.8.5/share/hadoop/yarn/hadoop-yarn-applications-unmanaged-am-launcher-2.8.5.jar:/home/hadoop/hadoop-2.8.5/share/hadoop/yarn/hadoop-yarn-api-2.8.5.jar:/home/hadoop/hadoop-2.8.5/share/hadoop/yarn/hadoop-yarn-server-resourcemanager-2.8.5.jar:/home/hadoop/hadoop-2.8.5/share/hadoop/yarn/hadoop-yarn-server-timeline-pluginstorage-2.8.5.jar:/home/hadoop/hadoop-2.8.5/share/hadoop/yarn/hadoop-yarn-common-2.8.5.jar:/home/hadoop/hadoop-2.8.5/share/hadoop/yarn/hadoop-yarn-registry-2.8.5.jar:/home/hadoop/hadoop-2.8.5/share/hadoop/yarn/hadoop-yarn-server-nodemanager-2.8.5.jar:/home/hadoop/hadoop-2.8.5/share/hadoop/yarn/hadoop-yarn-client-2.8.5.jar:/home/hadoop/hadoop-2.8.5/share/hadoop/yarn/hadoop-yarn-server-applicationhistoryservice-2.8.5.jar:/home/hadoop/hadoop-2.8.5/share/hadoop/yarn/hadoop-yarn-server-common-2.8.5.jar:/home/hadoop/hadoop-2.8.5/share/hadoop/yarn/hadoop-yarn-server-sharedcachemanager-2.8.5.jar:/home/hadoop/hadoop-2.8.5/share/hadoop/yarn/hadoop-yarn-applications-distributedshell-2.8.5.jar:/home/hadoop/hadoop-2.8.5/share/hadoop/mapreduce/lib/protobuf-java-2.5.0.jar:/home/hadoop/hadoop-2.8.5/share/hadoop/mapreduce/lib/guice-3.0.jar:/home/hadoop/hadoop-2.8.5/share/hadoop/mapreduce/lib/jackson-core-asl-1.9.13.jar:/home/hadoop/hadoop-2.8.5/share/hadoop/mapreduce/lib/guice-servlet-3.0.jar:/home/hadoop/hadoop-2.8.5/share/hadoop/mapreduce/lib/jersey-server-1.9.jar:/home/hadoop/hadoop-2.8.5/share/hadoop/mapreduce/lib/xz-1.0.jar:/home/hadoop/hadoop-2.8.5/share/hadoop/mapreduce/lib/jackson-mapper-asl-1.9.13.jar:/home/hadoop/hadoop-2.8.5/share/hadoop/mapreduce/lib/javax.inject-1.jar:/home/hadoop/hadoop-2.8.5/share/hadoop/mapreduce/lib/paranamer-2.3.jar:/home/hadoop/hadoop-2.8.5/share/hadoop/mapreduce/lib/snappy-java-1.0.4.1.jar:/home/hadoop/hadoop-2.8.5/share/hadoop/mapreduce/lib/hadoop-annotations-2.8.5.jar:/home/hadoop/hadoop-2.8.5/share/hadoop/mapreduce/lib/commons-compress-1.4.1.jar:/home/hadoop/hadoop-2.8.5/share/hadoop/mapreduce/lib/log4j-1.2.17.jar:/home/hadoop/hadoop-2.8.5/share/hadoop/mapreduce/lib/jersey-guice-1.9.jar:/home/hadoop/hadoop-2.8.5/share/hadoop/mapreduce/lib/netty-3.6.2.Final.jar:/home/hadoop/hadoop-2.8.5/share/hadoop/mapreduce/lib/asm-3.2.jar:/home/hadoop/hadoop-2.8.5/share/hadoop/mapreduce/lib/jersey-core-1.9.jar:/home/hadoop/hadoop-2.8.5/share/hadoop/mapreduce/lib/hamcrest-core-1.3.jar:/home/hadoop/hadoop-2.8.5/share/hadoop/mapreduce/lib/leveldbjni-all-1.8.jar:/home/hadoop/hadoop-2.8.5/share/hadoop/mapreduce/lib/junit-4.11.jar:/home/hadoop/hadoop-2.8.5/share/hadoop/mapreduce/lib/aopalliance-1.0.jar:/home/hadoop/hadoop-2.8.5/share/hadoop/mapreduce/lib/avro-1.7.4.jar:/home/hadoop/hadoop-2.8.5/share/hadoop/mapreduce/lib/commons-io-2.4.jar:/home/hadoop/hadoop-2.8.5/share/hadoop/mapreduce/hadoop-mapreduce-examples-2.8.5.jar:/home/hadoop/hadoop-2.8.5/share/hadoop/mapreduce/hadoop-mapreduce-client-app-2.8.5.jar:/home/hadoop/hadoop-2.8.5/share/hadoop/mapreduce/hadoop-mapreduce-client-common-2.8.5.jar:/home/hadoop/hadoop-2.8.5/share/hadoop/mapreduce/hadoop-mapreduce-client-core-2.8.5.jar:/home/hadoop/hadoop-2.8.5/share/hadoop/mapreduce/hadoop-mapreduce-client-hs-2.8.5.jar:/home/hadoop/hadoop-2.8.5/share/hadoop/mapreduce/hadoop-mapreduce-client-jobclient-2.8.5-tests.jar:/home/hadoop/hadoop-2.8.5/share/hadoop/mapreduce/hadoop-mapreduce-client-hs-plugins-2.8.5.jar:/home/hadoop/hadoop-2.8.5/share/hadoop/mapreduce/hadoop-mapreduce-client-jobclient-2.8.5.jar:/home/hadoop/hadoop-2.8.5/share/hadoop/mapreduce/hadoop-mapreduce-client-shuffle-2.8.5.jar:/contrib/capacity-scheduler/*.jar:/contrib/capacity-scheduler/*.jar:/contrib/capacity-scheduler/*.jar
STARTUP_MSG:   build = https://git-wip-us.apache.org/repos/asf/hadoop.git -r 0b8464d75227fcee2c6e7f2410377b3d53d3d5f8; compiled by 'jdu' on 2018-09-10T03:32Z
STARTUP_MSG:   java = 1.8.0_201
************************************************************/
2019-01-19 14:55:16,076 INFO org.apache.hadoop.hdfs.server.namenode.SecondaryNameNode: registered UNIX signal handlers for [TERM, HUP, INT]
2019-01-19 14:55:16,493 INFO org.apache.hadoop.metrics2.impl.MetricsConfig: loaded properties from hadoop-metrics2.properties
2019-01-19 14:55:16,549 INFO org.apache.hadoop.metrics2.impl.MetricsSystemImpl: Scheduled Metric snapshot period at 10 second(s).
2019-01-19 14:55:16,549 INFO org.apache.hadoop.metrics2.impl.MetricsSystemImpl: SecondaryNameNode metrics system started
2019-01-19 14:55:16,698 INFO org.apache.hadoop.hdfs.server.namenode.FSEditLog: Edit logging is async:true
2019-01-19 14:55:16,713 INFO org.apache.hadoop.hdfs.server.common.Storage: Lock on /home/hadoop/hadooptmpdata/dfs/namesecondary/in_use.lock acquired by nodename 4914@ip-172-31-21-252.ec2.internal
2019-01-19 14:55:16,721 INFO org.apache.hadoop.hdfs.server.namenode.FSNamesystem: KeyProvider: null
2019-01-19 14:55:16,722 INFO org.apache.hadoop.hdfs.server.namenode.FSNamesystem: fsLock is fair: true
2019-01-19 14:55:16,724 INFO org.apache.hadoop.hdfs.server.namenode.FSNamesystem: Detailed lock hold time metrics enabled: false
2019-01-19 14:55:16,759 INFO org.apache.hadoop.hdfs.server.blockmanagement.DatanodeManager: dfs.block.invalidate.limit=1000
2019-01-19 14:55:16,759 INFO org.apache.hadoop.hdfs.server.blockmanagement.DatanodeManager: dfs.namenode.datanode.registration.ip-hostname-check=true
2019-01-19 14:55:16,760 INFO org.apache.hadoop.hdfs.server.blockmanagement.BlockManager: dfs.namenode.startup.delay.block.deletion.sec is set to 000:00:00:00.000
2019-01-19 14:55:16,761 INFO org.apache.hadoop.hdfs.server.blockmanagement.BlockManager: The block deletion will start around 2019 Jan 19 14:55:16
2019-01-19 14:55:16,762 INFO org.apache.hadoop.util.GSet: Computing capacity for map BlocksMap
2019-01-19 14:55:16,762 INFO org.apache.hadoop.util.GSet: VM type       = 64-bit
2019-01-19 14:55:16,763 INFO org.apache.hadoop.util.GSet: 2.0% max memory 889 MB = 17.8 MB
2019-01-19 14:55:16,763 INFO org.apache.hadoop.util.GSet: capacity      = 2^21 = 2097152 entries
2019-01-19 14:55:16,779 INFO org.apache.hadoop.hdfs.server.blockmanagement.BlockManager: dfs.block.access.token.enable=false
2019-01-19 14:55:16,781 INFO org.apache.hadoop.hdfs.server.blockmanagement.BlockManager: defaultReplication         = 3
2019-01-19 14:55:16,781 INFO org.apache.hadoop.hdfs.server.blockmanagement.BlockManager: maxReplication             = 512
2019-01-19 14:55:16,781 INFO org.apache.hadoop.hdfs.server.blockmanagement.BlockManager: minReplication             = 1
2019-01-19 14:55:16,781 INFO org.apache.hadoop.hdfs.server.blockmanagement.BlockManager: maxReplicationStreams      = 2
2019-01-19 14:55:16,781 INFO org.apache.hadoop.hdfs.server.blockmanagement.BlockManager: replicationRecheckInterval = 3000
2019-01-19 14:55:16,781 INFO org.apache.hadoop.hdfs.server.blockmanagement.BlockManager: encryptDataTransfer        = false
2019-01-19 14:55:16,781 INFO org.apache.hadoop.hdfs.server.blockmanagement.BlockManager: maxNumBlocksToLog          = 1000
2019-01-19 14:55:16,783 INFO org.apache.hadoop.hdfs.server.namenode.FSNamesystem: fsOwner             = hadoop (auth:SIMPLE)
2019-01-19 14:55:16,783 INFO org.apache.hadoop.hdfs.server.namenode.FSNamesystem: supergroup          = supergroup
2019-01-19 14:55:16,783 INFO org.apache.hadoop.hdfs.server.namenode.FSNamesystem: isPermissionEnabled = true
2019-01-19 14:55:16,783 INFO org.apache.hadoop.hdfs.server.namenode.FSNamesystem: HA Enabled: false
2019-01-19 14:55:16,785 INFO org.apache.hadoop.hdfs.server.namenode.FSNamesystem: Append Enabled: true
2019-01-19 14:55:16,963 INFO org.apache.hadoop.util.GSet: Computing capacity for map INodeMap
2019-01-19 14:55:16,963 INFO org.apache.hadoop.util.GSet: VM type       = 64-bit
2019-01-19 14:55:16,963 INFO org.apache.hadoop.util.GSet: 1.0% max memory 889 MB = 8.9 MB
2019-01-19 14:55:16,963 INFO org.apache.hadoop.util.GSet: capacity      = 2^20 = 1048576 entries
2019-01-19 14:55:16,965 INFO org.apache.hadoop.hdfs.server.namenode.FSDirectory: ACLs enabled? false
2019-01-19 14:55:16,965 INFO org.apache.hadoop.hdfs.server.namenode.FSDirectory: XAttrs enabled? true
2019-01-19 14:55:16,965 INFO org.apache.hadoop.hdfs.server.namenode.NameNode: Caching file names occurring more than 10 times
2019-01-19 14:55:16,995 INFO org.apache.hadoop.util.GSet: Computing capacity for map cachedBlocks
2019-01-19 14:55:16,995 INFO org.apache.hadoop.util.GSet: VM type       = 64-bit
2019-01-19 14:55:16,995 INFO org.apache.hadoop.util.GSet: 0.25% max memory 889 MB = 2.2 MB
2019-01-19 14:55:16,995 INFO org.apache.hadoop.util.GSet: capacity      = 2^18 = 262144 entries
2019-01-19 14:55:16,997 INFO org.apache.hadoop.hdfs.server.namenode.FSNamesystem: dfs.namenode.safemode.threshold-pct = 0.9990000128746033
2019-01-19 14:55:16,997 INFO org.apache.hadoop.hdfs.server.namenode.FSNamesystem: dfs.namenode.safemode.min.datanodes = 0
2019-01-19 14:55:16,997 INFO org.apache.hadoop.hdfs.server.namenode.FSNamesystem: dfs.namenode.safemode.extension     = 30000
2019-01-19 14:55:17,000 INFO org.apache.hadoop.hdfs.server.namenode.top.metrics.TopMetrics: NNTop conf: dfs.namenode.top.window.num.buckets = 10
2019-01-19 14:55:17,000 INFO org.apache.hadoop.hdfs.server.namenode.top.metrics.TopMetrics: NNTop conf: dfs.namenode.top.num.users = 10
2019-01-19 14:55:17,000 INFO org.apache.hadoop.hdfs.server.namenode.top.metrics.TopMetrics: NNTop conf: dfs.namenode.top.windows.minutes = 1,5,25
2019-01-19 14:55:17,009 INFO org.apache.hadoop.hdfs.server.namenode.SecondaryNameNode: Checkpoint Period   :3600 secs (60 min)
2019-01-19 14:55:17,009 INFO org.apache.hadoop.hdfs.server.namenode.SecondaryNameNode: Log Size Trigger    :1000000 txns
2019-01-19 14:55:17,015 INFO org.apache.hadoop.hdfs.DFSUtil: Starting Web-server for secondary at: http://0.0.0.0:50090
2019-01-19 14:55:17,061 INFO org.mortbay.log: Logging to org.slf4j.impl.Log4jLoggerAdapter(org.mortbay.log) via org.mortbay.log.Slf4jLog
2019-01-19 14:55:17,068 INFO org.apache.hadoop.security.authentication.server.AuthenticationFilter: Unable to initialize FileSignerSecretProvider, falling back to use random secrets.
2019-01-19 14:55:17,072 INFO org.apache.hadoop.http.HttpRequestLog: Http request log for http.requests.secondary is not defined
2019-01-19 14:55:17,076 INFO org.apache.hadoop.http.HttpServer2: Added global filter 'safety' (class=org.apache.hadoop.http.HttpServer2$QuotingInputFilter)
2019-01-19 14:55:17,078 INFO org.apache.hadoop.http.HttpServer2: Added filter static_user_filter (class=org.apache.hadoop.http.lib.StaticUserWebFilter$StaticUserFilter) to context secondary
2019-01-19 14:55:17,078 INFO org.apache.hadoop.http.HttpServer2: Added filter static_user_filter (class=org.apache.hadoop.http.lib.StaticUserWebFilter$StaticUserFilter) to context logs
2019-01-19 14:55:17,078 INFO org.apache.hadoop.http.HttpServer2: Added filter static_user_filter (class=org.apache.hadoop.http.lib.StaticUserWebFilter$StaticUserFilter) to context static
2019-01-19 14:55:17,090 INFO org.apache.hadoop.http.HttpServer2: Jetty bound to port 50090
2019-01-19 14:55:17,090 INFO org.mortbay.log: jetty-6.1.26
2019-01-19 14:55:17,185 INFO org.mortbay.log: Started HttpServer2$SelectChannelConnectorWithSafeStartup@0.0.0.0:50090
2019-01-19 14:55:17,185 INFO org.apache.hadoop.hdfs.server.namenode.SecondaryNameNode: Web server init done
2019-01-19 15:23:17,505 INFO org.apache.hadoop.hdfs.server.namenode.SecondaryNameNode: Image has changed. Downloading updated image from NN.
2019-01-19 15:23:17,573 INFO org.apache.hadoop.hdfs.server.namenode.TransferFsImage: Opening connection to http://localhost:50070/imagetransfer?getimage=1&txid=0&storageInfo=-63:651687639:1547909664520:CID-c1fd9fae-a29d-4b99-bdc4-b1eeeb696232&bootstrapstandby=false
2019-01-19 15:23:17,595 INFO org.apache.hadoop.hdfs.server.namenode.TransferFsImage: Image Transfer timeout configured to 60000 milliseconds
2019-01-19 15:23:17,715 INFO org.apache.hadoop.hdfs.server.namenode.TransferFsImage: Transfer took 0.02s at 0.00 KB/s
2019-01-19 15:23:17,715 INFO org.apache.hadoop.hdfs.server.namenode.TransferFsImage: Downloaded file fsimage.ckpt_0000000000000000000 size 323 bytes.
2019-01-19 15:23:17,722 INFO org.apache.hadoop.hdfs.server.namenode.TransferFsImage: Opening connection to http://localhost:50070/imagetransfer?getedit=1&startTxId=1&endTxId=9&storageInfo=-63:651687639:1547909664520:CID-c1fd9fae-a29d-4b99-bdc4-b1eeeb696232
2019-01-19 15:23:17,727 INFO org.apache.hadoop.hdfs.server.namenode.TransferFsImage: Transfer took 0.00s at 0.00 KB/s
2019-01-19 15:23:17,727 INFO org.apache.hadoop.hdfs.server.namenode.TransferFsImage: Downloaded file edits_tmp_0000000000000000001-0000000000000000009_0000000000003621632 size 0 bytes.
2019-01-19 15:23:17,771 INFO org.apache.hadoop.hdfs.server.namenode.FSImageFormatPBINode: Loading 1 INodes.
2019-01-19 15:23:17,793 INFO org.apache.hadoop.hdfs.server.namenode.FSImageFormatProtobuf: Loaded FSImage in 0 seconds.
2019-01-19 15:23:17,794 INFO org.apache.hadoop.hdfs.server.namenode.FSImage: Loaded image for txid 0 from /home/hadoop/hadooptmpdata/dfs/namesecondary/current/fsimage_0000000000000000000
2019-01-19 15:23:17,794 INFO org.apache.hadoop.hdfs.server.namenode.NameCache: initialized with 0 entries 0 lookups
2019-01-19 15:23:17,798 INFO org.apache.hadoop.hdfs.server.namenode.Checkpointer: Checkpointer about to load edits from 1 stream(s).
2019-01-19 15:23:17,801 INFO org.apache.hadoop.hdfs.server.namenode.FSImage: Reading /home/hadoop/hadooptmpdata/dfs/namesecondary/current/edits_0000000000000000001-0000000000000000009 expecting start txid #1
2019-01-19 15:23:17,801 INFO org.apache.hadoop.hdfs.server.namenode.FSImage: Start loading edits file /home/hadoop/hadooptmpdata/dfs/namesecondary/current/edits_0000000000000000001-0000000000000000009
2019-01-19 15:23:17,840 INFO org.apache.hadoop.hdfs.server.namenode.FSImage: Edits file /home/hadoop/hadooptmpdata/dfs/namesecondary/current/edits_0000000000000000001-0000000000000000009 of size 492 edits # 9 loaded in 0 seconds
2019-01-19 15:23:17,844 INFO org.apache.hadoop.hdfs.server.namenode.FSImageFormatProtobuf: Saving image file /home/hadoop/hadooptmpdata/dfs/namesecondary/current/fsimage.ckpt_0000000000000000009 using no compression
2019-01-19 15:23:17,868 INFO org.apache.hadoop.hdfs.server.namenode.FSImageFormatProtobuf: Image file /home/hadoop/hadooptmpdata/dfs/namesecondary/current/fsimage.ckpt_0000000000000000009 of size 641 bytes saved in 0 seconds.
2019-01-19 15:23:17,873 INFO org.apache.hadoop.hdfs.server.namenode.FSImageTransactionalStorageInspector: No version file in /home/hadoop/hadooptmpdata/dfs/namesecondary
2019-01-19 15:23:17,877 INFO org.apache.hadoop.hdfs.server.namenode.FSImageTransactionalStorageInspector: No version file in /home/hadoop/hadooptmpdata/dfs/namesecondary
2019-01-19 15:23:17,904 INFO org.apache.hadoop.hdfs.server.namenode.TransferFsImage: Uploaded image with txid 9 to namenode at http://localhost:50070 in 0.024 seconds
2019-01-19 15:23:17,904 WARN org.apache.hadoop.hdfs.server.namenode.SecondaryNameNode: Checkpoint done. New Image Size: 641
2019-01-19 16:23:18,108 INFO org.apache.hadoop.hdfs.server.namenode.SecondaryNameNode: Image has not changed. Will not download image.
2019-01-19 16:23:18,108 INFO org.apache.hadoop.hdfs.server.namenode.TransferFsImage: Opening connection to http://localhost:50070/imagetransfer?getedit=1&startTxId=10&endTxId=20&storageInfo=-63:651687639:1547909664520:CID-c1fd9fae-a29d-4b99-bdc4-b1eeeb696232
2019-01-19 16:23:18,114 INFO org.apache.hadoop.hdfs.server.namenode.TransferFsImage: Transfer took 0.00s at 0.00 KB/s
2019-01-19 16:23:18,114 INFO org.apache.hadoop.hdfs.server.namenode.TransferFsImage: Downloaded file edits_tmp_0000000000000000010-0000000000000000020_0000000000007222019 size 0 bytes.
2019-01-19 16:23:18,114 INFO org.apache.hadoop.hdfs.server.namenode.Checkpointer: Checkpointer about to load edits from 1 stream(s).
2019-01-19 16:23:18,114 INFO org.apache.hadoop.hdfs.server.namenode.FSImage: Reading /home/hadoop/hadooptmpdata/dfs/namesecondary/current/edits_0000000000000000010-0000000000000000020 expecting start txid #10
2019-01-19 16:23:18,114 INFO org.apache.hadoop.hdfs.server.namenode.FSImage: Start loading edits file /home/hadoop/hadooptmpdata/dfs/namesecondary/current/edits_0000000000000000010-0000000000000000020
2019-01-19 16:23:18,122 INFO org.apache.hadoop.hdfs.server.namenode.FSImage: Edits file /home/hadoop/hadooptmpdata/dfs/namesecondary/current/edits_0000000000000000010-0000000000000000020 of size 954 edits # 11 loaded in 0 seconds
2019-01-19 16:23:18,122 INFO org.apache.hadoop.hdfs.server.namenode.FSImageFormatProtobuf: Saving image file /home/hadoop/hadooptmpdata/dfs/namesecondary/current/fsimage.ckpt_0000000000000000020 using no compression
2019-01-19 16:23:18,125 INFO org.apache.hadoop.hdfs.server.namenode.FSImageFormatProtobuf: Image file /home/hadoop/hadooptmpdata/dfs/namesecondary/current/fsimage.ckpt_0000000000000000020 of size 998 bytes saved in 0 seconds.
2019-01-19 16:23:18,130 INFO org.apache.hadoop.hdfs.server.namenode.NNStorageRetentionManager: Going to retain 2 images with txid >= 9
2019-01-19 16:23:18,130 INFO org.apache.hadoop.hdfs.server.namenode.NNStorageRetentionManager: Purging old image FSImageFile(file=/home/hadoop/hadooptmpdata/dfs/namesecondary/current/fsimage_0000000000000000000, cpktTxId=0000000000000000000)
2019-01-19 16:23:18,144 INFO org.apache.hadoop.hdfs.server.namenode.TransferFsImage: Uploaded image with txid 20 to namenode at http://localhost:50070 in 0.011 seconds
2019-01-19 16:23:18,145 WARN org.apache.hadoop.hdfs.server.namenode.SecondaryNameNode: Checkpoint done. New Image Size: 998
